<?xml version="1.0" encoding="UTF-8"?>
<!-- Generated by org.testng.reporters.JUnitXMLReporter -->
<testsuite ignored="0" hostname="Anil_darneboina" failures="0" tests="3" name="Test" time="14.65" errors="0" timestamp="2024-01-31T13:59:42 IST">
  <testcase classname="genericUtilities.BaseClass" name="@BeforeMethod methodSetup" time="5.66">
    <failure type="java.lang.AssertionError" message="expected [login] but found [Login]">
      <![CDATA[java.lang.AssertionError: expected [login] but found [Login]
at genericUtilities.BaseClass.methodSetup(BaseClass.java:70)
at java.base/java.util.ArrayList.forEach(ArrayList.java:1511)
... Removed 37 stack frames]]>
    </failure>
  </testcase> <!-- @BeforeMethod methodSetup -->
  <testcase classname="genericUtilities.BaseClass" name="@AfterMethod methodTearDown" time="0.0">
    <skipped/>
  </testcase> <!-- @AfterMethod methodTearDown -->
  <testcase classname="genericUtilities.BaseClass" name="@AfterClass classTearDown" time="0.0">
    <skipped/>
  </testcase> <!-- @AfterClass classTearDown -->
  <testcase classname="genericUtilities.BaseClass" name="@BeforeMethod methodSetup" time="2.649">
    <failure type="java.lang.AssertionError" message="expected [login] but found [Login]">
      <![CDATA[java.lang.AssertionError: expected [login] but found [Login]
at genericUtilities.BaseClass.methodSetup(BaseClass.java:70)
at java.base/java.util.ArrayList.forEach(ArrayList.java:1511)
... Removed 37 stack frames]]>
    </failure>
  </testcase> <!-- @BeforeMethod methodSetup -->
  <testcase classname="genericUtilities.BaseClass" name="@AfterMethod methodTearDown" time="0.0">
    <skipped/>
  </testcase> <!-- @AfterMethod methodTearDown -->
  <testcase classname="genericUtilities.BaseClass" name="@AfterClass classTearDown" time="0.0">
    <skipped/>
  </testcase> <!-- @AfterClass classTearDown -->
  <testcase classname="genericUtilities.BaseClass" name="@BeforeMethod methodSetup" time="2.886">
    <failure type="java.lang.AssertionError" message="expected [login] but found [Login]">
      <![CDATA[java.lang.AssertionError: expected [login] but found [Login]
at genericUtilities.BaseClass.methodSetup(BaseClass.java:70)
at java.base/java.util.ArrayList.forEach(ArrayList.java:1511)
... Removed 37 stack frames]]>
    </failure>
  </testcase> <!-- @BeforeMethod methodSetup -->
  <testcase classname="genericUtilities.BaseClass" name="@AfterMethod methodTearDown" time="0.0">
    <skipped/>
  </testcase> <!-- @AfterMethod methodTearDown -->
  <testcase classname="genericUtilities.BaseClass" name="@AfterClass classTearDown" time="0.0">
    <skipped/>
  </testcase> <!-- @AfterClass classTearDown -->
  <testcase classname="testScripts.AddCategoryTest" name="addCategoryTest" time="0.0">
    <skipped/>
  </testcase> <!-- addCategoryTest -->
  <testcase classname="testScripts.AddCourseTest" name="addCourseTest" time="0.0">
    <skipped/>
  </testcase> <!-- addCourseTest -->
  <testcase classname="testScripts.AddUserTest" name="addUserTest" time="0.0">
    <skipped/>
  </testcase> <!-- addUserTest -->
</testsuite> <!-- Test -->
